<?xml version="1.0" encoding="UTF-8"?>
<testsuite xmlns:xsi="http://www.w3.org/2001/XMLSchema-instance" xsi:noNamespaceSchemaLocation="https://maven.apache.org/surefire/maven-surefire-plugin/xsd/surefire-test-report.xsd" name="com.myblog.MyblogApplicationTests" time="2.909" tests="1" errors="0" skipped="0" failures="0">
  <properties>
    <property name="sun.desktop" value="windows"/>
    <property name="awt.toolkit" value="sun.awt.windows.WToolkit"/>
    <property name="file.encoding.pkg" value="sun.io"/>
    <property name="java.specification.version" value="1.8"/>
    <property name="sun.cpu.isalist" value="amd64"/>
    <property name="sun.jnu.encoding" value="GBK"/>
    <property name="java.class.path" value="D:\JavaCode\myblog\target\test-classes;D:\JavaCode\myblog\target\classes;D:\maven3.6\myLocalRepository\com\atlassian\commonmark\commonmark\0.10.0\commonmark-0.10.0.jar;D:\maven3.6\myLocalRepository\com\atlassian\commonmark\commonmark-ext-heading-anchor\0.10.0\commonmark-ext-heading-anchor-0.10.0.jar;D:\maven3.6\myLocalRepository\com\atlassian\commonmark\commonmark-ext-gfm-tables\0.10.0\commonmark-ext-gfm-tables-0.10.0.jar;D:\maven3.6\myLocalRepository\com\github\pagehelper\pagehelper-spring-boot-starter\1.2.13\pagehelper-spring-boot-starter-1.2.13.jar;D:\maven3.6\myLocalRepository\org\springframework\boot\spring-boot-starter\2.3.4.RELEASE\spring-boot-starter-2.3.4.RELEASE.jar;D:\maven3.6\myLocalRepository\org\springframework\boot\spring-boot-starter-logging\2.3.4.RELEASE\spring-boot-starter-logging-2.3.4.RELEASE.jar;D:\maven3.6\myLocalRepository\ch\qos\logback\logback-classic\1.2.3\logback-classic-1.2.3.jar;D:\maven3.6\myLocalRepository\ch\qos\logback\logback-core\1.2.3\logback-core-1.2.3.jar;D:\maven3.6\myLocalRepository\org\apache\logging\log4j\log4j-to-slf4j\2.13.3\log4j-to-slf4j-2.13.3.jar;D:\maven3.6\myLocalRepository\org\apache\logging\log4j\log4j-api\2.13.3\log4j-api-2.13.3.jar;D:\maven3.6\myLocalRepository\org\slf4j\jul-to-slf4j\1.7.30\jul-to-slf4j-1.7.30.jar;D:\maven3.6\myLocalRepository\jakarta\annotation\jakarta.annotation-api\1.3.5\jakarta.annotation-api-1.3.5.jar;D:\maven3.6\myLocalRepository\org\yaml\snakeyaml\1.26\snakeyaml-1.26.jar;D:\maven3.6\myLocalRepository\com\github\pagehelper\pagehelper-spring-boot-autoconfigure\1.2.13\pagehelper-spring-boot-autoconfigure-1.2.13.jar;D:\maven3.6\myLocalRepository\com\github\pagehelper\pagehelper\5.1.11\pagehelper-5.1.11.jar;D:\maven3.6\myLocalRepository\com\github\jsqlparser\jsqlparser\2.0\jsqlparser-2.0.jar;D:\maven3.6\myLocalRepository\org\springframework\boot\spring-boot-starter-aop\2.3.4.RELEASE\spring-boot-starter-aop-2.3.4.RELEASE.jar;D:\maven3.6\myLocalRepository\org\springframework\spring-aop\5.2.9.RELEASE\spring-aop-5.2.9.RELEASE.jar;D:\maven3.6\myLocalRepository\org\springframework\spring-beans\5.2.9.RELEASE\spring-beans-5.2.9.RELEASE.jar;D:\maven3.6\myLocalRepository\org\aspectj\aspectjweaver\1.9.6\aspectjweaver-1.9.6.jar;D:\maven3.6\myLocalRepository\org\springframework\boot\spring-boot-starter-thymeleaf\2.3.4.RELEASE\spring-boot-starter-thymeleaf-2.3.4.RELEASE.jar;D:\maven3.6\myLocalRepository\org\thymeleaf\thymeleaf-spring5\3.0.11.RELEASE\thymeleaf-spring5-3.0.11.RELEASE.jar;D:\maven3.6\myLocalRepository\org\thymeleaf\thymeleaf\3.0.11.RELEASE\thymeleaf-3.0.11.RELEASE.jar;D:\maven3.6\myLocalRepository\org\attoparser\attoparser\2.0.5.RELEASE\attoparser-2.0.5.RELEASE.jar;D:\maven3.6\myLocalRepository\org\unbescape\unbescape\1.1.6.RELEASE\unbescape-1.1.6.RELEASE.jar;D:\maven3.6\myLocalRepository\org\slf4j\slf4j-api\1.7.30\slf4j-api-1.7.30.jar;D:\maven3.6\myLocalRepository\org\thymeleaf\extras\thymeleaf-extras-java8time\3.0.4.RELEASE\thymeleaf-extras-java8time-3.0.4.RELEASE.jar;D:\maven3.6\myLocalRepository\org\springframework\boot\spring-boot-starter-web\2.3.4.RELEASE\spring-boot-starter-web-2.3.4.RELEASE.jar;D:\maven3.6\myLocalRepository\org\springframework\boot\spring-boot-starter-json\2.3.4.RELEASE\spring-boot-starter-json-2.3.4.RELEASE.jar;D:\maven3.6\myLocalRepository\com\fasterxml\jackson\core\jackson-databind\2.11.2\jackson-databind-2.11.2.jar;D:\maven3.6\myLocalRepository\com\fasterxml\jackson\core\jackson-annotations\2.11.2\jackson-annotations-2.11.2.jar;D:\maven3.6\myLocalRepository\com\fasterxml\jackson\core\jackson-core\2.11.2\jackson-core-2.11.2.jar;D:\maven3.6\myLocalRepository\com\fasterxml\jackson\datatype\jackson-datatype-jdk8\2.11.2\jackson-datatype-jdk8-2.11.2.jar;D:\maven3.6\myLocalRepository\com\fasterxml\jackson\datatype\jackson-datatype-jsr310\2.11.2\jackson-datatype-jsr310-2.11.2.jar;D:\maven3.6\myLocalRepository\com\fasterxml\jackson\module\jackson-module-parameter-names\2.11.2\jackson-module-parameter-names-2.11.2.jar;D:\maven3.6\myLocalRepository\org\springframework\boot\spring-boot-starter-tomcat\2.3.4.RELEASE\spring-boot-starter-tomcat-2.3.4.RELEASE.jar;D:\maven3.6\myLocalRepository\org\apache\tomcat\embed\tomcat-embed-core\9.0.38\tomcat-embed-core-9.0.38.jar;D:\maven3.6\myLocalRepository\org\glassfish\jakarta.el\3.0.3\jakarta.el-3.0.3.jar;D:\maven3.6\myLocalRepository\org\apache\tomcat\embed\tomcat-embed-websocket\9.0.38\tomcat-embed-websocket-9.0.38.jar;D:\maven3.6\myLocalRepository\org\springframework\spring-web\5.2.9.RELEASE\spring-web-5.2.9.RELEASE.jar;D:\maven3.6\myLocalRepository\org\springframework\spring-webmvc\5.2.9.RELEASE\spring-webmvc-5.2.9.RELEASE.jar;D:\maven3.6\myLocalRepository\org\springframework\spring-context\5.2.9.RELEASE\spring-context-5.2.9.RELEASE.jar;D:\maven3.6\myLocalRepository\org\springframework\spring-expression\5.2.9.RELEASE\spring-expression-5.2.9.RELEASE.jar;D:\maven3.6\myLocalRepository\org\mybatis\spring\boot\mybatis-spring-boot-starter\2.1.1\mybatis-spring-boot-starter-2.1.1.jar;D:\maven3.6\myLocalRepository\org\springframework\boot\spring-boot-starter-jdbc\2.3.4.RELEASE\spring-boot-starter-jdbc-2.3.4.RELEASE.jar;D:\maven3.6\myLocalRepository\com\zaxxer\HikariCP\3.4.5\HikariCP-3.4.5.jar;D:\maven3.6\myLocalRepository\org\springframework\spring-jdbc\5.2.9.RELEASE\spring-jdbc-5.2.9.RELEASE.jar;D:\maven3.6\myLocalRepository\org\springframework\spring-tx\5.2.9.RELEASE\spring-tx-5.2.9.RELEASE.jar;D:\maven3.6\myLocalRepository\org\mybatis\spring\boot\mybatis-spring-boot-autoconfigure\2.1.1\mybatis-spring-boot-autoconfigure-2.1.1.jar;D:\maven3.6\myLocalRepository\org\mybatis\mybatis\3.5.3\mybatis-3.5.3.jar;D:\maven3.6\myLocalRepository\org\mybatis\mybatis-spring\2.0.3\mybatis-spring-2.0.3.jar;D:\maven3.6\myLocalRepository\org\springframework\boot\spring-boot-devtools\2.3.4.RELEASE\spring-boot-devtools-2.3.4.RELEASE.jar;D:\maven3.6\myLocalRepository\org\springframework\boot\spring-boot\2.3.4.RELEASE\spring-boot-2.3.4.RELEASE.jar;D:\maven3.6\myLocalRepository\org\springframework\boot\spring-boot-autoconfigure\2.3.4.RELEASE\spring-boot-autoconfigure-2.3.4.RELEASE.jar;D:\maven3.6\myLocalRepository\mysql\mysql-connector-java\8.0.21\mysql-connector-java-8.0.21.jar;D:\maven3.6\myLocalRepository\org\projectlombok\lombok\1.18.12\lombok-1.18.12.jar;D:\maven3.6\myLocalRepository\org\springframework\boot\spring-boot-starter-test\2.3.4.RELEASE\spring-boot-starter-test-2.3.4.RELEASE.jar;D:\maven3.6\myLocalRepository\org\springframework\boot\spring-boot-test\2.3.4.RELEASE\spring-boot-test-2.3.4.RELEASE.jar;D:\maven3.6\myLocalRepository\org\springframework\boot\spring-boot-test-autoconfigure\2.3.4.RELEASE\spring-boot-test-autoconfigure-2.3.4.RELEASE.jar;D:\maven3.6\myLocalRepository\com\jayway\jsonpath\json-path\2.4.0\json-path-2.4.0.jar;D:\maven3.6\myLocalRepository\net\minidev\json-smart\2.3\json-smart-2.3.jar;D:\maven3.6\myLocalRepository\net\minidev\accessors-smart\1.2\accessors-smart-1.2.jar;D:\maven3.6\myLocalRepository\org\ow2\asm\asm\5.0.4\asm-5.0.4.jar;D:\maven3.6\myLocalRepository\jakarta\xml\bind\jakarta.xml.bind-api\2.3.3\jakarta.xml.bind-api-2.3.3.jar;D:\maven3.6\myLocalRepository\jakarta\activation\jakarta.activation-api\1.2.2\jakarta.activation-api-1.2.2.jar;D:\maven3.6\myLocalRepository\org\assertj\assertj-core\3.16.1\assertj-core-3.16.1.jar;D:\maven3.6\myLocalRepository\org\hamcrest\hamcrest\2.2\hamcrest-2.2.jar;D:\maven3.6\myLocalRepository\org\junit\jupiter\junit-jupiter\5.6.2\junit-jupiter-5.6.2.jar;D:\maven3.6\myLocalRepository\org\junit\jupiter\junit-jupiter-api\5.6.2\junit-jupiter-api-5.6.2.jar;D:\maven3.6\myLocalRepository\org\apiguardian\apiguardian-api\1.1.0\apiguardian-api-1.1.0.jar;D:\maven3.6\myLocalRepository\org\opentest4j\opentest4j\1.2.0\opentest4j-1.2.0.jar;D:\maven3.6\myLocalRepository\org\junit\platform\junit-platform-commons\1.6.2\junit-platform-commons-1.6.2.jar;D:\maven3.6\myLocalRepository\org\junit\jupiter\junit-jupiter-params\5.6.2\junit-jupiter-params-5.6.2.jar;D:\maven3.6\myLocalRepository\org\junit\jupiter\junit-jupiter-engine\5.6.2\junit-jupiter-engine-5.6.2.jar;D:\maven3.6\myLocalRepository\org\junit\platform\junit-platform-engine\1.6.2\junit-platform-engine-1.6.2.jar;D:\maven3.6\myLocalRepository\org\mockito\mockito-core\3.3.3\mockito-core-3.3.3.jar;D:\maven3.6\myLocalRepository\net\bytebuddy\byte-buddy\1.10.14\byte-buddy-1.10.14.jar;D:\maven3.6\myLocalRepository\net\bytebuddy\byte-buddy-agent\1.10.14\byte-buddy-agent-1.10.14.jar;D:\maven3.6\myLocalRepository\org\objenesis\objenesis\2.6\objenesis-2.6.jar;D:\maven3.6\myLocalRepository\org\mockito\mockito-junit-jupiter\3.3.3\mockito-junit-jupiter-3.3.3.jar;D:\maven3.6\myLocalRepository\org\skyscreamer\jsonassert\1.5.0\jsonassert-1.5.0.jar;D:\maven3.6\myLocalRepository\com\vaadin\external\google\android-json\0.0.20131108.vaadin1\android-json-0.0.20131108.vaadin1.jar;D:\maven3.6\myLocalRepository\org\springframework\spring-core\5.2.9.RELEASE\spring-core-5.2.9.RELEASE.jar;D:\maven3.6\myLocalRepository\org\springframework\spring-jcl\5.2.9.RELEASE\spring-jcl-5.2.9.RELEASE.jar;D:\maven3.6\myLocalRepository\org\springframework\spring-test\5.2.9.RELEASE\spring-test-5.2.9.RELEASE.jar;D:\maven3.6\myLocalRepository\org\xmlunit\xmlunit-core\2.7.0\xmlunit-core-2.7.0.jar;"/>
    <property name="java.vm.vendor" value="Oracle Corporation"/>
    <property name="sun.arch.data.model" value="64"/>
    <property name="user.variant" value=""/>
    <property name="java.vendor.url" value="http://java.oracle.com/"/>
    <property name="user.timezone" value="Asia/Shanghai"/>
    <property name="java.vm.specification.version" value="1.8"/>
    <property name="os.name" value="Windows 10"/>
    <property name="user.country" value="CN"/>
    <property name="sun.java.launcher" value="SUN_STANDARD"/>
    <property name="sun.boot.library.path" value="D:\Java\jdk1.8.0_101\jre\bin"/>
    <property name="sun.java.command" value="C:\Users\ADMINI~1\AppData\Local\Temp\surefire1233114713752421630\surefirebooter9112288796818838646.jar C:\Users\Administrator\AppData\Local\Temp\surefire1233114713752421630 2020-10-10T16-35-10_424-jvmRun1 surefire9120713756941390386tmp surefire_02103619902619558580tmp"/>
    <property name="surefire.test.class.path" value="D:\JavaCode\myblog\target\test-classes;D:\JavaCode\myblog\target\classes;D:\maven3.6\myLocalRepository\com\atlassian\commonmark\commonmark\0.10.0\commonmark-0.10.0.jar;D:\maven3.6\myLocalRepository\com\atlassian\commonmark\commonmark-ext-heading-anchor\0.10.0\commonmark-ext-heading-anchor-0.10.0.jar;D:\maven3.6\myLocalRepository\com\atlassian\commonmark\commonmark-ext-gfm-tables\0.10.0\commonmark-ext-gfm-tables-0.10.0.jar;D:\maven3.6\myLocalRepository\com\github\pagehelper\pagehelper-spring-boot-starter\1.2.13\pagehelper-spring-boot-starter-1.2.13.jar;D:\maven3.6\myLocalRepository\org\springframework\boot\spring-boot-starter\2.3.4.RELEASE\spring-boot-starter-2.3.4.RELEASE.jar;D:\maven3.6\myLocalRepository\org\springframework\boot\spring-boot-starter-logging\2.3.4.RELEASE\spring-boot-starter-logging-2.3.4.RELEASE.jar;D:\maven3.6\myLocalRepository\ch\qos\logback\logback-classic\1.2.3\logback-classic-1.2.3.jar;D:\maven3.6\myLocalRepository\ch\qos\logback\logback-core\1.2.3\logback-core-1.2.3.jar;D:\maven3.6\myLocalRepository\org\apache\logging\log4j\log4j-to-slf4j\2.13.3\log4j-to-slf4j-2.13.3.jar;D:\maven3.6\myLocalRepository\org\apache\logging\log4j\log4j-api\2.13.3\log4j-api-2.13.3.jar;D:\maven3.6\myLocalRepository\org\slf4j\jul-to-slf4j\1.7.30\jul-to-slf4j-1.7.30.jar;D:\maven3.6\myLocalRepository\jakarta\annotation\jakarta.annotation-api\1.3.5\jakarta.annotation-api-1.3.5.jar;D:\maven3.6\myLocalRepository\org\yaml\snakeyaml\1.26\snakeyaml-1.26.jar;D:\maven3.6\myLocalRepository\com\github\pagehelper\pagehelper-spring-boot-autoconfigure\1.2.13\pagehelper-spring-boot-autoconfigure-1.2.13.jar;D:\maven3.6\myLocalRepository\com\github\pagehelper\pagehelper\5.1.11\pagehelper-5.1.11.jar;D:\maven3.6\myLocalRepository\com\github\jsqlparser\jsqlparser\2.0\jsqlparser-2.0.jar;D:\maven3.6\myLocalRepository\org\springframework\boot\spring-boot-starter-aop\2.3.4.RELEASE\spring-boot-starter-aop-2.3.4.RELEASE.jar;D:\maven3.6\myLocalRepository\org\springframework\spring-aop\5.2.9.RELEASE\spring-aop-5.2.9.RELEASE.jar;D:\maven3.6\myLocalRepository\org\springframework\spring-beans\5.2.9.RELEASE\spring-beans-5.2.9.RELEASE.jar;D:\maven3.6\myLocalRepository\org\aspectj\aspectjweaver\1.9.6\aspectjweaver-1.9.6.jar;D:\maven3.6\myLocalRepository\org\springframework\boot\spring-boot-starter-thymeleaf\2.3.4.RELEASE\spring-boot-starter-thymeleaf-2.3.4.RELEASE.jar;D:\maven3.6\myLocalRepository\org\thymeleaf\thymeleaf-spring5\3.0.11.RELEASE\thymeleaf-spring5-3.0.11.RELEASE.jar;D:\maven3.6\myLocalRepository\org\thymeleaf\thymeleaf\3.0.11.RELEASE\thymeleaf-3.0.11.RELEASE.jar;D:\maven3.6\myLocalRepository\org\attoparser\attoparser\2.0.5.RELEASE\attoparser-2.0.5.RELEASE.jar;D:\maven3.6\myLocalRepository\org\unbescape\unbescape\1.1.6.RELEASE\unbescape-1.1.6.RELEASE.jar;D:\maven3.6\myLocalRepository\org\slf4j\slf4j-api\1.7.30\slf4j-api-1.7.30.jar;D:\maven3.6\myLocalRepository\org\thymeleaf\extras\thymeleaf-extras-java8time\3.0.4.RELEASE\thymeleaf-extras-java8time-3.0.4.RELEASE.jar;D:\maven3.6\myLocalRepository\org\springframework\boot\spring-boot-starter-web\2.3.4.RELEASE\spring-boot-starter-web-2.3.4.RELEASE.jar;D:\maven3.6\myLocalRepository\org\springframework\boot\spring-boot-starter-json\2.3.4.RELEASE\spring-boot-starter-json-2.3.4.RELEASE.jar;D:\maven3.6\myLocalRepository\com\fasterxml\jackson\core\jackson-databind\2.11.2\jackson-databind-2.11.2.jar;D:\maven3.6\myLocalRepository\com\fasterxml\jackson\core\jackson-annotations\2.11.2\jackson-annotations-2.11.2.jar;D:\maven3.6\myLocalRepository\com\fasterxml\jackson\core\jackson-core\2.11.2\jackson-core-2.11.2.jar;D:\maven3.6\myLocalRepository\com\fasterxml\jackson\datatype\jackson-datatype-jdk8\2.11.2\jackson-datatype-jdk8-2.11.2.jar;D:\maven3.6\myLocalRepository\com\fasterxml\jackson\datatype\jackson-datatype-jsr310\2.11.2\jackson-datatype-jsr310-2.11.2.jar;D:\maven3.6\myLocalRepository\com\fasterxml\jackson\module\jackson-module-parameter-names\2.11.2\jackson-module-parameter-names-2.11.2.jar;D:\maven3.6\myLocalRepository\org\springframework\boot\spring-boot-starter-tomcat\2.3.4.RELEASE\spring-boot-starter-tomcat-2.3.4.RELEASE.jar;D:\maven3.6\myLocalRepository\org\apache\tomcat\embed\tomcat-embed-core\9.0.38\tomcat-embed-core-9.0.38.jar;D:\maven3.6\myLocalRepository\org\glassfish\jakarta.el\3.0.3\jakarta.el-3.0.3.jar;D:\maven3.6\myLocalRepository\org\apache\tomcat\embed\tomcat-embed-websocket\9.0.38\tomcat-embed-websocket-9.0.38.jar;D:\maven3.6\myLocalRepository\org\springframework\spring-web\5.2.9.RELEASE\spring-web-5.2.9.RELEASE.jar;D:\maven3.6\myLocalRepository\org\springframework\spring-webmvc\5.2.9.RELEASE\spring-webmvc-5.2.9.RELEASE.jar;D:\maven3.6\myLocalRepository\org\springframework\spring-context\5.2.9.RELEASE\spring-context-5.2.9.RELEASE.jar;D:\maven3.6\myLocalRepository\org\springframework\spring-expression\5.2.9.RELEASE\spring-expression-5.2.9.RELEASE.jar;D:\maven3.6\myLocalRepository\org\mybatis\spring\boot\mybatis-spring-boot-starter\2.1.1\mybatis-spring-boot-starter-2.1.1.jar;D:\maven3.6\myLocalRepository\org\springframework\boot\spring-boot-starter-jdbc\2.3.4.RELEASE\spring-boot-starter-jdbc-2.3.4.RELEASE.jar;D:\maven3.6\myLocalRepository\com\zaxxer\HikariCP\3.4.5\HikariCP-3.4.5.jar;D:\maven3.6\myLocalRepository\org\springframework\spring-jdbc\5.2.9.RELEASE\spring-jdbc-5.2.9.RELEASE.jar;D:\maven3.6\myLocalRepository\org\springframework\spring-tx\5.2.9.RELEASE\spring-tx-5.2.9.RELEASE.jar;D:\maven3.6\myLocalRepository\org\mybatis\spring\boot\mybatis-spring-boot-autoconfigure\2.1.1\mybatis-spring-boot-autoconfigure-2.1.1.jar;D:\maven3.6\myLocalRepository\org\mybatis\mybatis\3.5.3\mybatis-3.5.3.jar;D:\maven3.6\myLocalRepository\org\mybatis\mybatis-spring\2.0.3\mybatis-spring-2.0.3.jar;D:\maven3.6\myLocalRepository\org\springframework\boot\spring-boot-devtools\2.3.4.RELEASE\spring-boot-devtools-2.3.4.RELEASE.jar;D:\maven3.6\myLocalRepository\org\springframework\boot\spring-boot\2.3.4.RELEASE\spring-boot-2.3.4.RELEASE.jar;D:\maven3.6\myLocalRepository\org\springframework\boot\spring-boot-autoconfigure\2.3.4.RELEASE\spring-boot-autoconfigure-2.3.4.RELEASE.jar;D:\maven3.6\myLocalRepository\mysql\mysql-connector-java\8.0.21\mysql-connector-java-8.0.21.jar;D:\maven3.6\myLocalRepository\org\projectlombok\lombok\1.18.12\lombok-1.18.12.jar;D:\maven3.6\myLocalRepository\org\springframework\boot\spring-boot-starter-test\2.3.4.RELEASE\spring-boot-starter-test-2.3.4.RELEASE.jar;D:\maven3.6\myLocalRepository\org\springframework\boot\spring-boot-test\2.3.4.RELEASE\spring-boot-test-2.3.4.RELEASE.jar;D:\maven3.6\myLocalRepository\org\springframework\boot\spring-boot-test-autoconfigure\2.3.4.RELEASE\spring-boot-test-autoconfigure-2.3.4.RELEASE.jar;D:\maven3.6\myLocalRepository\com\jayway\jsonpath\json-path\2.4.0\json-path-2.4.0.jar;D:\maven3.6\myLocalRepository\net\minidev\json-smart\2.3\json-smart-2.3.jar;D:\maven3.6\myLocalRepository\net\minidev\accessors-smart\1.2\accessors-smart-1.2.jar;D:\maven3.6\myLocalRepository\org\ow2\asm\asm\5.0.4\asm-5.0.4.jar;D:\maven3.6\myLocalRepository\jakarta\xml\bind\jakarta.xml.bind-api\2.3.3\jakarta.xml.bind-api-2.3.3.jar;D:\maven3.6\myLocalRepository\jakarta\activation\jakarta.activation-api\1.2.2\jakarta.activation-api-1.2.2.jar;D:\maven3.6\myLocalRepository\org\assertj\assertj-core\3.16.1\assertj-core-3.16.1.jar;D:\maven3.6\myLocalRepository\org\hamcrest\hamcrest\2.2\hamcrest-2.2.jar;D:\maven3.6\myLocalRepository\org\junit\jupiter\junit-jupiter\5.6.2\junit-jupiter-5.6.2.jar;D:\maven3.6\myLocalRepository\org\junit\jupiter\junit-jupiter-api\5.6.2\junit-jupiter-api-5.6.2.jar;D:\maven3.6\myLocalRepository\org\apiguardian\apiguardian-api\1.1.0\apiguardian-api-1.1.0.jar;D:\maven3.6\myLocalRepository\org\opentest4j\opentest4j\1.2.0\opentest4j-1.2.0.jar;D:\maven3.6\myLocalRepository\org\junit\platform\junit-platform-commons\1.6.2\junit-platform-commons-1.6.2.jar;D:\maven3.6\myLocalRepository\org\junit\jupiter\junit-jupiter-params\5.6.2\junit-jupiter-params-5.6.2.jar;D:\maven3.6\myLocalRepository\org\junit\jupiter\junit-jupiter-engine\5.6.2\junit-jupiter-engine-5.6.2.jar;D:\maven3.6\myLocalRepository\org\junit\platform\junit-platform-engine\1.6.2\junit-platform-engine-1.6.2.jar;D:\maven3.6\myLocalRepository\org\mockito\mockito-core\3.3.3\mockito-core-3.3.3.jar;D:\maven3.6\myLocalRepository\net\bytebuddy\byte-buddy\1.10.14\byte-buddy-1.10.14.jar;D:\maven3.6\myLocalRepository\net\bytebuddy\byte-buddy-agent\1.10.14\byte-buddy-agent-1.10.14.jar;D:\maven3.6\myLocalRepository\org\objenesis\objenesis\2.6\objenesis-2.6.jar;D:\maven3.6\myLocalRepository\org\mockito\mockito-junit-jupiter\3.3.3\mockito-junit-jupiter-3.3.3.jar;D:\maven3.6\myLocalRepository\org\skyscreamer\jsonassert\1.5.0\jsonassert-1.5.0.jar;D:\maven3.6\myLocalRepository\com\vaadin\external\google\android-json\0.0.20131108.vaadin1\android-json-0.0.20131108.vaadin1.jar;D:\maven3.6\myLocalRepository\org\springframework\spring-core\5.2.9.RELEASE\spring-core-5.2.9.RELEASE.jar;D:\maven3.6\myLocalRepository\org\springframework\spring-jcl\5.2.9.RELEASE\spring-jcl-5.2.9.RELEASE.jar;D:\maven3.6\myLocalRepository\org\springframework\spring-test\5.2.9.RELEASE\spring-test-5.2.9.RELEASE.jar;D:\maven3.6\myLocalRepository\org\xmlunit\xmlunit-core\2.7.0\xmlunit-core-2.7.0.jar;"/>
    <property name="sun.cpu.endian" value="little"/>
    <property name="user.home" value="C:\Users\Administrator"/>
    <property name="user.language" value="zh"/>
    <property name="java.specification.vendor" value="Oracle Corporation"/>
    <property name="java.home" value="D:\Java\jdk1.8.0_101\jre"/>
    <property name="basedir" value="D:\JavaCode\myblog"/>
    <property name="file.separator" value="\"/>
    <property name="line.separator" value="&#10;"/>
    <property name="java.vm.specification.vendor" value="Oracle Corporation"/>
    <property name="java.specification.name" value="Java Platform API Specification"/>
    <property name="java.awt.graphicsenv" value="sun.awt.Win32GraphicsEnvironment"/>
    <property name="surefire.real.class.path" value="C:\Users\ADMINI~1\AppData\Local\Temp\surefire1233114713752421630\surefirebooter9112288796818838646.jar"/>
    <property name="sun.boot.class.path" value="D:\Java\jdk1.8.0_101\jre\lib\resources.jar;D:\Java\jdk1.8.0_101\jre\lib\rt.jar;D:\Java\jdk1.8.0_101\jre\lib\sunrsasign.jar;D:\Java\jdk1.8.0_101\jre\lib\jsse.jar;D:\Java\jdk1.8.0_101\jre\lib\jce.jar;D:\Java\jdk1.8.0_101\jre\lib\charsets.jar;D:\Java\jdk1.8.0_101\jre\lib\jfr.jar;D:\Java\jdk1.8.0_101\jre\classes"/>
    <property name="user.script" value=""/>
    <property name="sun.management.compiler" value="HotSpot 64-Bit Tiered Compilers"/>
    <property name="java.runtime.version" value="1.8.0_101-b13"/>
    <property name="user.name" value="Administrator"/>
    <property name="path.separator" value=";"/>
    <property name="os.version" value="10.0"/>
    <property name="java.endorsed.dirs" value="D:\Java\jdk1.8.0_101\jre\lib\endorsed"/>
    <property name="java.runtime.name" value="Java(TM) SE Runtime Environment"/>
    <property name="file.encoding" value="GBK"/>
    <property name="java.vm.name" value="Java HotSpot(TM) 64-Bit Server VM"/>
    <property name="localRepository" value="D:\maven3.6\myLocalRepository"/>
    <property name="java.vendor.url.bug" value="http://bugreport.sun.com/bugreport/"/>
    <property name="java.io.tmpdir" value="C:\Users\ADMINI~1\AppData\Local\Temp\"/>
    <property name="idea.version" value="2018.2.2"/>
    <property name="java.version" value="1.8.0_101"/>
    <property name="user.dir" value="D:\JavaCode\myblog"/>
    <property name="os.arch" value="amd64"/>
    <property name="java.vm.specification.name" value="Java Virtual Machine Specification"/>
    <property name="java.awt.printerjob" value="sun.awt.windows.WPrinterJob"/>
    <property name="sun.os.patch.level" value=""/>
    <property name="java.library.path" value="D:\Java\jdk1.8.0_101\jre\bin;C:\Windows\Sun\Java\bin;C:\Windows\system32;C:\Windows;C:\ProgramData\Oracle\Java\javapath;C:\Windows\system32;C:\Windows;C:\Windows\System32\Wbem;C:\Windows\System32\WindowsPowerShell\v1.0\;C:\Program Files\IDM Computer Solutions\UltraEdit;D:\software\python3.8;D:\maven3.6\apache-maven-3.6.1\bin;D:\java7\jdk1.7.0_80\bin;D:\java7\jdk1.7.0_80\jre\bin;D:\TortoiseGit\bin;D:\mysql-5.7.27-winx64\bin;D:\software\python3.8\Scripts\;D:\software\python3.8\;C:\Users\Administrator\AppData\Local\Microsoft\WindowsApps;;c:\program files\esafenet\cobra docguard client;."/>
    <property name="java.vm.info" value="mixed mode"/>
    <property name="java.vendor" value="Oracle Corporation"/>
    <property name="java.vm.version" value="25.101-b13"/>
    <property name="java.ext.dirs" value="D:\Java\jdk1.8.0_101\jre\lib\ext;C:\Windows\Sun\Java\lib\ext"/>
    <property name="sun.io.unicode.encoding" value="UnicodeLittle"/>
    <property name="java.class.version" value="52.0"/>
  </properties>
  <testcase name="contextLoads" classname="com.myblog.MyblogApplicationTests" time="0.243"/>
</testsuite>